<?xml version="1.0" encoding="utf-8"?><testsuites name="pytest tests"><testsuite name="pytest" errors="0" failures="0" skipped="0" tests="77" time="5.109" timestamp="2026-09-19T16:14:12.569227+02:00" hostname="LAPTOP-C14GJTRA"><testcase classname="tests.test_cli_and_configuration" name="test_seed_register_has_all_categories_and_no_approvals" time="0.133" /><testcase classname="tests.test_cli_and_configuration" name="test_cli_defaults_denied" time="0.072" /><testcase classname="tests.test_cli_and_configuration" name="test_cli_append_and_export" time="0.082" /><testcase classname="tests.test_cli_and_configuration" name="test_cli_validates_before_mutation_and_redacts_values" time="0.061" /><testcase classname="tests.test_cli_and_configuration" name="test_local_account_mapping_defaults_to_viewer" time="0.005" /><testcase classname="tests.test_governance" name="test_sys01_permission_matrix[overrides0-prototype-ALLOWED]" time="0.059" /><testcase classname="tests.test_governance" name="test_sys01_permission_matrix[overrides1-production-ALLOWED]" time="0.065" /><testcase classname="tests.test_governance" name="test_sys01_permission_matrix[overrides2-prototype-SOURCE_NOT_APPROVED]" time="0.063" /><testcase classname="tests.test_governance" name="test_sys01_permission_matrix[overrides3-prototype-SOURCE_SUSPENDED]" time="0.057" /><testcase classname="tests.test_governance" name="test_sys01_permission_matrix[overrides4-production-SOURCE_DISABLED]" time="0.057" /><testcase classname="tests.test_governance" name="test_sys01_permission_matrix[overrides5-production-PRODUCTION_APPROVAL_REQUIRED]" time="0.058" /><testcase classname="tests.test_governance" name="test_sys01_permission_matrix[overrides6-prototype-ALLOWED]" time="0.057" /><testcase classname="tests.test_governance" name="test_sys01_permission_matrix[overrides7-redistribution-PURPOSE_NOT_ALLOWED]" time="0.056" /><testcase classname="tests.test_governance" name="test_unknown_source_denied" time="0.048" /><testcase classname="tests.test_governance" name="test_effective_interval_is_half_open[-1]" time="0.059" /><testcase classname="tests.test_governance" name="test_effective_interval_is_half_open[0]" time="0.056" /><testcase classname="tests.test_governance" name="test_effective_interval_is_half_open[59]" time="0.057" /><testcase classname="tests.test_governance" name="test_effective_interval_is_half_open[60]" time="0.055" /><testcase classname="tests.test_governance" name="test_review_expiry_blocks_at_boundary" time="0.057" /><testcase classname="tests.test_governance" name="test_queued_job_and_publication_recheck_revocation" time="0.081" /><testcase classname="tests.test_governance" name="test_document_change_blocks_payout_and_retains_as_of_history" time="0.081" /><testcase classname="tests.test_governance" name="test_new_communication_also_blocks_policy" time="0.090" /><testcase classname="tests.test_governance" name="test_document_deduplication_does_not_invalidate_policy" time="0.078" /><testcase classname="tests.test_governance" name="test_new_review_resolves_document_change" time="0.083" /><testcase classname="tests.test_governance" name="test_backdated_effective_policy_not_available_before_it_was_known" time="0.056" /><testcase classname="tests.test_governance" name="test_overlaps_rejected_and_adjacent_policy_boundaries_select_once" time="0.057" /><testcase classname="tests.test_governance" name="test_untrusted_roles_cannot_raise_limits_or_approve[agent]" time="0.055" /><testcase classname="tests.test_governance" name="test_untrusted_roles_cannot_raise_limits_or_approve[dashboard]" time="0.052" /><testcase classname="tests.test_governance" name="test_untrusted_roles_cannot_raise_limits_or_approve[operator]" time="0.051" /><testcase classname="tests.test_governance" name="test_untrusted_roles_cannot_poison_evidence[agent]" time="0.049" /><testcase classname="tests.test_governance" name="test_untrusted_roles_cannot_poison_evidence[dashboard]" time="0.047" /><testcase classname="tests.test_governance" name="test_operator_can_stop_but_not_reenable" time="0.044" /><testcase classname="tests.test_governance" name="test_missing_policies_are_no_bet" time="0.052" /><testcase classname="tests.test_governance" name="test_cooling_off_ends_at_exact_boundary" time="0.062" /><testcase classname="tests.test_governance" name="test_account_stops_include_audit_revision[overrides0-ACCOUNT_DISABLED]" time="0.059" /><testcase classname="tests.test_governance" name="test_account_stops_include_audit_revision[overrides1-RESPONSIBLE_USE_POLICY_NOT_APPROVED]" time="0.070" /><testcase classname="tests.test_governance" name="test_global_stop_overrides_previously_enabled_publication" time="0.080" /><testcase classname="tests.test_governance" name="test_invalid_policy_values_rejected[overrides0]" time="0.052" /><testcase classname="tests.test_governance" name="test_invalid_policy_values_rejected[overrides1]" time="0.078" /><testcase classname="tests.test_governance" name="test_invalid_policy_values_rejected[overrides2]" time="0.085" /><testcase classname="tests.test_governance" name="test_invalid_policy_values_rejected[overrides3]" time="0.090" /><testcase classname="tests.test_governance" name="test_invalid_policy_values_rejected[overrides4]" time="0.132" /><testcase classname="tests.test_governance" name="test_invalid_policy_values_rejected[overrides5]" time="0.132" /><testcase classname="tests.test_governance" name="test_invalid_policy_values_rejected[overrides6]" time="0.127" /><testcase classname="tests.test_governance" name="test_invalid_policy_values_rejected[overrides7]" time="0.100" /><testcase classname="tests.test_governance" name="test_invalid_policy_values_rejected[overrides8]" time="0.080" /><testcase classname="tests.test_governance" name="test_invalid_policy_values_rejected[overrides9]" time="0.052" /><testcase classname="tests.test_governance" name="test_invalid_policy_values_rejected[overrides10]" time="0.054" /><testcase classname="tests.test_governance" name="test_decimal_serialization_is_exact" time="0.051" /><testcase classname="tests.test_governance" name="test_unknown_approval_details_never_grant_permission[overrides0]" time="0.055" /><testcase classname="tests.test_governance" name="test_unknown_approval_details_never_grant_permission[overrides1]" time="0.052" /><testcase classname="tests.test_governance" name="test_unknown_approval_details_never_grant_permission[overrides2]" time="0.054" /><testcase classname="tests.test_governance" name="test_unknown_approval_details_never_grant_permission[overrides3]" time="0.075" /><testcase classname="tests.test_governance" name="test_unknown_approval_details_never_grant_permission[overrides4]" time="0.055" /><testcase classname="tests.test_governance" name="test_unknown_approval_details_never_grant_permission[overrides5]" time="0.056" /><testcase classname="tests.test_governance" name="test_unknown_approval_details_never_grant_permission[overrides6]" time="0.054" /><testcase classname="tests.test_governance" name="test_missing_evidence_and_spoofed_reviewer_cannot_be_approved" time="0.066" /><testcase classname="tests.test_governance" name="test_review_cannot_predate_document_or_be_in_future" time="0.073" /><testcase classname="tests.test_governance" name="test_policy_versions_immutable_and_stale_writes_rejected" time="0.074" /><testcase classname="tests.test_governance" name="test_reopened_store_sees_revocation_and_preserves_audit" time="0.221" /><testcase classname="tests.test_governance" name="test_clock_cannot_backdate_knowledge" time="0.189" /><testcase classname="tests.test_governance" name="test_warsaw_reset_boundaries[2026-03-29T12:00:00+00:00-daily-2026-03-28T23:00:00+00:00-2026-03-29T22:00:00+00:00]" time="0.001" /><testcase classname="tests.test_governance" name="test_warsaw_reset_boundaries[2026-10-25T12:00:00+00:00-daily-2026-10-24T22:00:00+00:00-2026-10-25T23:00:00+00:00]" time="0.001" /><testcase classname="tests.test_governance" name="test_warsaw_reset_boundaries[2026-03-29T12:00:00+00:00-weekly-2026-03-22T23:00:00+00:00-2026-03-29T22:00:00+00:00]" time="0.001" /><testcase classname="tests.test_governance" name="test_warsaw_reset_boundaries[2026-10-25T12:00:00+00:00-weekly-2026-10-18T22:00:00+00:00-2026-10-25T23:00:00+00:00]" time="0.001" /><testcase classname="tests.test_governance" name="test_warsaw_reset_boundaries[2026-12-31T23:00:00+00:00-monthly-2026-12-31T23:00:00+00:00-2027-01-31T23:00:00+00:00]" time="0.001" /><testcase classname="tests.test_governance" name="test_warsaw_reset_boundaries[2028-02-29T12:00:00+00:00-monthly-2028-01-31T23:00:00+00:00-2028-02-29T23:00:00+00:00]" time="0.001" /><testcase classname="tests.test_governance" name="test_fall_dst_repeated_hour_has_same_daily_period" time="0.001" /><testcase classname="tests.test_governance" name="test_unvalidated_pydantic_copy_cannot_bypass_save" time="0.061" /><testcase classname="tests.test_retention" name="test_expiry_is_exact_idempotent_and_removes_bytes_atomically" time="0.072" /><testcase classname="tests.test_retention" name="test_early_deletion_needs_reviewed_mandate" time="0.076" /><testcase classname="tests.test_retention" name="test_failed_delete_rolls_back_tombstone" time="0.080" /><testcase classname="tests.test_retention" name="test_retention_is_source_specific" time="0.097" /><testcase classname="tests.test_retention" name="test_unapproved_source_cannot_be_archived" time="0.039" /><testcase classname="tests.test_retention" name="test_roles_cannot_delete_before_expiry[agent]" time="0.069" /><testcase classname="tests.test_retention" name="test_roles_cannot_delete_before_expiry[dashboard]" time="0.072" /><testcase classname="tests.test_retention" name="test_roles_cannot_delete_before_expiry[operator]" time="0.070" /></testsuite></testsuites>